**********************
Windows PowerShell transcript start
Start time: 20250211165533
Username: YURMAN\adm_jromaine
RunAs User: YURMAN\adm_jromaine
Configuration Name: 
Machine: SURFACEPK6M585 (Microsoft Windows NT 10.0.19045.0)
Host Application: C:\Windows\System32\WindowsPowerShell\v1.0\powershell.exe
Process ID: 12212
PSVersion: 5.1.19041.5369
PSEdition: Desktop
PSCompatibleVersions: 1.0, 2.0, 3.0, 4.0, 5.0, 5.1.19041.5369
BuildVersion: 10.0.19041.5369
CLRVersion: 4.0.30319.42000
WSManStackVersion: 3.0
PSRemotingProtocolVersion: 2.3
SerializationVersion: 1.1.0.1
**********************
Transcript started, output file is C:\Scripts\_Automation\ServiceAcctReportDaily\Logs\ServiceAccountAudit_20250211.log
====================================================
Script execution started at 2025-02-11 16:55:33
====================================================
Get-ServiceAccountData : The term 'Get-ServiceAccountData' is not recognized as the name of a cmdlet, function, script 
file, or operable program. Check the spelling of the name, or if a path was included, verify that the path is correct 
and try again.
At C:\Scripts\_Automation\ServiceAcctReportDaily\SAdaily.ps1:54 char:16
+ $allAccounts = Get-ServiceAccountData
+                ~~~~~~~~~~~~~~~~~~~~~~
    + CategoryInfo          : ObjectNotFound: (Get-ServiceAccountData:String) [], CommandNotFoundException
    + FullyQualifiedErrorId : CommandNotFoundException
Get-ServiceAccountData : The term 'Get-ServiceAccountData' is not recognized as the name of a cmdlet, function, script file, or operable
program. Check the spelling of the name, or if a path was included, verify that the path is correct and try again.
At C:\Scripts\_Automation\ServiceAcctReportDaily\SAdaily.ps1:54 char:16
+ $allAccounts = Get-ServiceAccountData
+                ~~~~~~~~~~~~~~~~~~~~~~
    + CategoryInfo          : ObjectNotFound: (Get-ServiceAccountData:String) [], CommandNotFoundException
    + FullyQualifiedErrorId : CommandNotFoundException

C:\Scripts\_Automation\ServiceAcctReportDaily\SAdaily.ps1 : No service account data retrieved. Exiting script.
At line:1 char:1
+ .\SAdaily.ps1 -verbose
+ ~~~~~~~~~~~~~~~~~~~~~~
    + CategoryInfo          : NotSpecified: (:) [Write-Error], WriteErrorException
    + FullyQualifiedErrorId : Microsoft.PowerShell.Commands.WriteErrorException,SAdaily.ps1
C:\Scripts\_Automation\ServiceAcctReportDaily\SAdaily.ps1 : No service account data retrieved. Exiting script.
At line:1 char:1
+ .\SAdaily.ps1 -verbose
+ ~~~~~~~~~~~~~~~~~~~~~~
    + CategoryInfo          : NotSpecified: (:) [Write-Error], WriteErrorException
    + FullyQualifiedErrorId : Microsoft.PowerShell.Commands.WriteErrorException,SAdaily.ps1

**********************
Windows PowerShell transcript end
End time: 20250211165537
**********************
