**********************
PowerShell transcript start
Start time: 20250219120803
Username: YURMAN\adm_jromaine
RunAs User: YURMAN\adm_jromaine
Configuration Name: 
Machine: NYIT31900C (Microsoft Windows NT 10.0.19045.0)
Host Application: C:\Program Files\PowerShell\7\pwsh.dll -noexit -command try { . "c:\Program Files\Microsoft VS Code\resources\app\out\vs\workbench\contrib\terminal\common\scripts\shellIntegration.ps1" } catch {}
Process ID: 34480
PSVersion: 7.4.6
PSEdition: Core
GitCommitId: 7.4.6
OS: Microsoft Windows 10.0.19045
Platform: Win32NT
PSCompatibleVersions: 1.0, 2.0, 3.0, 4.0, 5.0, 5.1, 6.0, 7.0
PSRemotingProtocolVersion: 2.3
SerializationVersion: 1.1.0.1
WSManStackVersion: 3.0
**********************
Transcript started, output file is C:\Users\jromaine\OneDrive - davidyurman.com\Documents\GitHub_Repo\PowerShell-Private\_Automation\ServiceAcctReportDaily\Logs\ServiceAccountAudit_20250219.log
====================================================
Script execution started at 2025-02-19 12:08:03
====================================================
PS>TerminatingError(Import-Module): "Could not load type 'System.Management.Automation.PSSnapIn' from assembly 'System.Management.Automation, Version=7.4.6.500, Culture=neutral, PublicKeyToken=31bf3856ad364e35'."
Write-Error: Failed to import required modules. Error: Could not load type 'System.Management.Automation.PSSnapIn' from assembly 'System.Management.Automation, Version=7.4.6.500, Culture=neutral, PublicKeyToken=31bf3856ad364e35'.
Write-Error: Failed to import required modules. Error: Could not load type 'System.Management.Automation.PSSnapIn' from assembly 'System.Management.Automation, Version=7.4.6.500, Culture=neutral, PublicKeyToken=31bf3856ad364e35'.
**********************
PowerShell transcript end
End time: 20250219120803
**********************
