**********************
Windows PowerShell transcript start
Start time: 20250212153027
Username: YURMAN\adm_jromaine
RunAs User: YURMAN\adm_jromaine
Configuration Name: 
Machine: SURFACEPK6M585 (Microsoft Windows NT 10.0.19045.0)
Host Application: C:\Windows\System32\WindowsPowerShell\v1.0\powershell.exe
Process ID: 12212
PSVersion: 5.1.19041.5369
PSEdition: Desktop
PSCompatibleVersions: 1.0, 2.0, 3.0, 4.0, 5.0, 5.1.19041.5369
BuildVersion: 10.0.19041.5369
CLRVersion: 4.0.30319.42000
WSManStackVersion: 3.0
PSRemotingProtocolVersion: 2.3
SerializationVersion: 1.1.0.1
**********************
Transcript started, output file is C:\Scripts\_Automation\ServiceAcctReportDaily\Logs\ServiceAccountAudit_20250212.log
====================================================
Script execution started at 2025-02-12 15:30:27
====================================================
Welcome to Microsoft Graph!

Connected via delegated access using 14d82eec-204b-4c2f-b7e8-296a70dab67e
Readme: https://aka.ms/graph/sdk/powershell
SDK Docs: https://aka.ms/graph/sdk/powershell/docs
API Docs: https://aka.ms/graph/docs

NOTE: You can use the -NoWelcome parameter to suppress this message.


ClientId               : 14d82eec-204b-4c2f-b7e8-296a70dab67e
TenantId               : ca9a3c9b-26a3-40ab-950f-a7cde0bfa8d1
Scopes                 : {Application.Read.All, AuditLog.Read.All, Device.ReadWrite.All, Directory.AccessAsUser.All...}
AuthType               : Delegated
TokenCredentialType    : InteractiveBrowser
CertificateThumbprint  :
CertificateSubjectName :
SendCertificateChain   : False
Account                : jromaine@davidyurman.com
AppName                : Microsoft Graph Command Line Tools
ContextScope           : CurrentUser
Certificate            :
PSHostVersion          : 5.1.19041.5369
ManagedIdentityId      :
ClientSecret           :
Environment            : Global

====================================================
Script execution completed at 2025-02-12 15:30:32
====================================================
**********************
Windows PowerShell transcript end
End time: 20250212153032
**********************
﻿**********************
PowerShell transcript start
Start time: 20250212204228
Username: YURMAN\adm_jromaine
RunAs User: YURMAN\adm_jromaine
Configuration Name: 
Machine: SURFACEPK6M585 (Microsoft Windows NT 10.0.19045.0)
Host Application: C:\Program Files\PowerShell\7\pwsh.dll -WorkingDirectory ~
Process ID: 8752
PSVersion: 7.5.0
PSEdition: Core
GitCommitId: 7.5.0
OS: Microsoft Windows 10.0.19045
Platform: Win32NT
PSCompatibleVersions: 1.0, 2.0, 3.0, 4.0, 5.0, 5.1, 6.0, 7.0
PSRemotingProtocolVersion: 2.3
SerializationVersion: 1.1.0.1
WSManStackVersion: 3.0
**********************
Transcript started, output file is C:\Scripts\_Automation\ServiceAcctReportDaily\Logs\ServiceAccountAudit_20250212.log
====================================================
Script execution started at 2025-02-12 20:42:28
====================================================
WARNING: Module ActiveDirectory is loaded in Windows PowerShell using WinPSCompatSession remoting session; please note that all input and output of commands from this module will be deserialized objects. If you want to load this module into PowerShell please use 'Import-Module -SkipEditionCheck' syntax.
Welcome to Microsoft Graph!

Connected via delegated access using 14d82eec-204b-4c2f-b7e8-296a70dab67e
Readme: https://aka.ms/graph/sdk/powershell
SDK Docs: https://aka.ms/graph/sdk/powershell/docs
API Docs: https://aka.ms/graph/docs

NOTE: You can use the -NoWelcome parameter to suppress this message.

ClientId               : 14d82eec-204b-4c2f-b7e8-296a70dab67e
TenantId               : ca9a3c9b-26a3-40ab-950f-a7cde0bfa8d1
Scopes                 : {Application.Read.All, AuditLog.Read.All, Device.ReadWrite.All, Directory.AccessAsUser.All…}
AuthType               : Delegated
TokenCredentialType    : InteractiveBrowser
CertificateThumbprint  : 
CertificateSubjectName : 
SendCertificateChain   : False
Account                : jromaine@davidyurman.com
AppName                : Microsoft Graph Command Line Tools
ContextScope           : CurrentUser
Certificate            : 
PSHostVersion          : 7.5.0
ManagedIdentityId      : 
ClientSecret           : 
Environment            : Global

====================================================
Script execution completed at 2025-02-12 20:42:45
====================================================
**********************
PowerShell transcript end
End time: 20250212204245
**********************
﻿**********************
PowerShell transcript start
Start time: 20250212204858
Username: YURMAN\adm_jromaine
RunAs User: YURMAN\adm_jromaine
Configuration Name: 
Machine: SURFACEPK6M585 (Microsoft Windows NT 10.0.19045.0)
Host Application: C:\Program Files\PowerShell\7\pwsh.dll -WorkingDirectory ~
Process ID: 8752
PSVersion: 7.5.0
PSEdition: Core
GitCommitId: 7.5.0
OS: Microsoft Windows 10.0.19045
Platform: Win32NT
PSCompatibleVersions: 1.0, 2.0, 3.0, 4.0, 5.0, 5.1, 6.0, 7.0
PSRemotingProtocolVersion: 2.3
SerializationVersion: 1.1.0.1
WSManStackVersion: 3.0
**********************
Transcript started, output file is C:\Scripts\_Automation\ServiceAcctReportDaily\Logs\ServiceAccountAudit_20250212.log
====================================================
Script execution started at 2025-02-12 20:48:58
====================================================
WARNING: Module ActiveDirectory is loaded in Windows PowerShell using WinPSCompatSession remoting session; please note that all input and output of commands from this module will be deserialized objects. If you want to load this module into PowerShell please use 'Import-Module -SkipEditionCheck' syntax.
Welcome to Microsoft Graph!

Connected via delegated access using 14d82eec-204b-4c2f-b7e8-296a70dab67e
Readme: https://aka.ms/graph/sdk/powershell
SDK Docs: https://aka.ms/graph/sdk/powershell/docs
API Docs: https://aka.ms/graph/docs

NOTE: You can use the -NoWelcome parameter to suppress this message.

ClientId               : 14d82eec-204b-4c2f-b7e8-296a70dab67e
TenantId               : ca9a3c9b-26a3-40ab-950f-a7cde0bfa8d1
Scopes                 : {Application.Read.All, AuditLog.Read.All, Device.ReadWrite.All, Directory.AccessAsUser.All…}
AuthType               : Delegated
TokenCredentialType    : InteractiveBrowser
CertificateThumbprint  : 
CertificateSubjectName : 
SendCertificateChain   : False
Account                : jromaine@davidyurman.com
AppName                : Microsoft Graph Command Line Tools
ContextScope           : CurrentUser
Certificate            : 
PSHostVersion          : 7.5.0
ManagedIdentityId      : 
ClientSecret           : 
Environment            : Global

====================================================
Script execution completed at 2025-02-12 20:49:04
====================================================
**********************
PowerShell transcript end
End time: 20250212204904
**********************
﻿**********************
PowerShell transcript start
Start time: 20250212205431
Username: YURMAN\adm_jromaine
RunAs User: YURMAN\adm_jromaine
Configuration Name: 
Machine: SURFACEPK6M585 (Microsoft Windows NT 10.0.19045.0)
Host Application: C:\Program Files\PowerShell\7\pwsh.dll -WorkingDirectory ~
Process ID: 8752
PSVersion: 7.5.0
PSEdition: Core
GitCommitId: 7.5.0
OS: Microsoft Windows 10.0.19045
Platform: Win32NT
PSCompatibleVersions: 1.0, 2.0, 3.0, 4.0, 5.0, 5.1, 6.0, 7.0
PSRemotingProtocolVersion: 2.3
SerializationVersion: 1.1.0.1
WSManStackVersion: 3.0
**********************
Transcript started, output file is C:\Scripts\_Automation\ServiceAcctReportDaily\Logs\ServiceAccountAudit_20250212.log
====================================================
Script execution started at 2025-02-12 20:54:31
====================================================
WARNING: Module ActiveDirectory is loaded in Windows PowerShell using WinPSCompatSession remoting session; please note that all input and output of commands from this module will be deserialized objects. If you want to load this module into PowerShell please use 'Import-Module -SkipEditionCheck' syntax.
Welcome to Microsoft Graph!

Connected via delegated access using 14d82eec-204b-4c2f-b7e8-296a70dab67e
Readme: https://aka.ms/graph/sdk/powershell
SDK Docs: https://aka.ms/graph/sdk/powershell/docs
API Docs: https://aka.ms/graph/docs

NOTE: You can use the -NoWelcome parameter to suppress this message.

ClientId               : 14d82eec-204b-4c2f-b7e8-296a70dab67e
TenantId               : ca9a3c9b-26a3-40ab-950f-a7cde0bfa8d1
Scopes                 : {Application.Read.All, AuditLog.Read.All, Device.ReadWrite.All, Directory.AccessAsUser.All…}
AuthType               : Delegated
TokenCredentialType    : InteractiveBrowser
CertificateThumbprint  : 
CertificateSubjectName : 
SendCertificateChain   : False
Account                : jromaine@davidyurman.com
AppName                : Microsoft Graph Command Line Tools
ContextScope           : CurrentUser
Certificate            : 
PSHostVersion          : 7.5.0
ManagedIdentityId      : 
ClientSecret           : 
Environment            : Global

====================================================
Script execution completed at 2025-02-12 20:54:41
====================================================
**********************
PowerShell transcript end
End time: 20250212205441
**********************
﻿**********************
PowerShell transcript start
Start time: 20250212205513
Username: YURMAN\adm_jromaine
RunAs User: YURMAN\adm_jromaine
Configuration Name: 
Machine: SURFACEPK6M585 (Microsoft Windows NT 10.0.19045.0)
Host Application: C:\Program Files\PowerShell\7\pwsh.dll -WorkingDirectory ~
Process ID: 8752
PSVersion: 7.5.0
PSEdition: Core
GitCommitId: 7.5.0
OS: Microsoft Windows 10.0.19045
Platform: Win32NT
PSCompatibleVersions: 1.0, 2.0, 3.0, 4.0, 5.0, 5.1, 6.0, 7.0
PSRemotingProtocolVersion: 2.3
SerializationVersion: 1.1.0.1
WSManStackVersion: 3.0
**********************
Transcript started, output file is C:\Scripts\_Automation\ServiceAcctReportDaily\Logs\ServiceAccountAudit_20250212.log
====================================================
Script execution started at 2025-02-12 20:55:13
====================================================
PS>TerminatingError(Import-Module): "Could not load type 'System.Management.Automation.PSSnapIn' from assembly 'System.Management.Automation, Version=7.5.0.500, Culture=neutral, PublicKeyToken=31bf3856ad364e35'."
Write-Error: Failed to import required modules. Error: Could not load type 'System.Management.Automation.PSSnapIn' from assembly 'System.Management.Automation, Version=7.5.0.500, Culture=neutral, PublicKeyToken=31bf3856ad364e35'.
Write-Error: Failed to import required modules. Error: Could not load type 'System.Management.Automation.PSSnapIn' from assembly 'System.Management.Automation, Version=7.5.0.500, Culture=neutral, PublicKeyToken=31bf3856ad364e35'.
**********************
PowerShell transcript end
End time: 20250212205514
**********************
